{"meta": {"format": 3, "version": "7.13.5", "timestamp": "2026-04-16T12:17:06.498850", "branch_coverage": true, "show_contexts": false}, "files": {"src/blueprints/metrics.py": {"executed_lines": [10, 12, 14, 15, 16, 17, 19, 21, 23, 26, 27, 29, 30, 35, 36, 37], "summary": {"covered_lines": 16, "num_statements": 16, "percent_covered": 100.0, "percent_covered_display": "100", "missing_lines": 0, "excluded_lines": 0, "percent_statements_covered": 100.0, "percent_statements_covered_display": "100", "num_branches": 2, "num_partial_branches": 0, "covered_branches": 2, "missing_branches": 0, "percent_branches_covered": 100.0, "percent_branches_covered_display": "100"}, "missing_lines": [], "excluded_lines": [], "executed_branches": [[29, 30], [29, 35]], "missing_branches": [], "functions": {"prometheus_metrics": {"executed_lines": [29, 30, 35, 36, 37], "summary": {"covered_lines": 5, "num_statements": 5, "percent_covered": 100.0, "percent_covered_display": "100", "missing_lines": 0, "excluded_lines": 0, "percent_statements_covered": 100.0, "percent_statements_covered_display": "100", "num_branches": 2, "num_partial_branches": 0, "covered_branches": 2, "missing_branches": 0, "percent_branches_covered": 100.0, "percent_branches_covered_display": "100"}, "missing_lines": [], "excluded_lines": [], "start_line": 27, "executed_branches": [[29, 30], [29, 35]], "missing_branches": []}, "": {"executed_lines": [10, 12, 14, 15, 16, 17, 19, 21, 23, 26, 27], "summary": {"covered_lines": 11, "num_statements": 11, "percent_covered": 100.0, "percent_covered_display": "100", "missing_lines": 0, "excluded_lines": 0, "percent_statements_covered": 100.0, "percent_statements_covered_display": "100", "num_branches": 0, "num_partial_branches": 0, "covered_branches": 0, "missing_branches": 0, "percent_branches_covered": 100.0, "percent_branches_covered_display": "100"}, "missing_lines": [], "excluded_lines": [], "start_line": 1, "executed_branches": [], "missing_branches": []}}, "classes": {"": {"executed_lines": [10, 12, 14, 15, 16, 17, 19, 21, 23, 26, 27, 29, 30, 35, 36, 37], "summary": {"covered_lines": 16, "num_statements": 16, "percent_covered": 100.0, "percent_covered_display": "100", "missing_lines": 0, "excluded_lines": 0, "percent_statements_covered": 100.0, "percent_statements_covered_display": "100", "num_branches": 2, "num_partial_branches": 0, "covered_branches": 2, "missing_branches": 0, "percent_branches_covered": 100.0, "percent_branches_covered_display": "100"}, "missing_lines": [], "excluded_lines": [], "start_line": 1, "executed_branches": [[29, 30], [29, 35]], "missing_branches": []}}}, "src/model.py": {"executed_lines": [1, 3, 4, 5, 7, 10, 17, 30, 50, 51, 52, 53, 54, 55, 57, 58, 59, 60, 61, 63, 65, 67, 74, 103, 104, 105, 122, 130, 131, 133, 139, 141, 142, 144, 148, 150, 158, 160, 168, 183, 185, 187, 202, 216, 229, 233, 239, 240, 241, 246, 247, 259, 270, 279, 280, 281, 282, 285, 286, 288, 289, 295, 297, 298, 300, 302, 304, 305, 306, 308, 309, 310, 312, 324, 342, 358, 365, 367, 370, 374, 375, 377, 381, 383, 400, 407, 410, 411, 412, 414, 417, 420, 422, 423, 424, 425, 428, 429, 432, 433, 435, 439, 440, 441, 443, 445, 451, 454, 455, 457, 459, 460, 461, 462, 463, 464, 465, 466, 471, 472, 473, 474, 475, 476, 478, 480, 484, 486, 490, 496, 497, 498, 499, 500, 502, 515, 516, 517, 518, 520, 521, 522, 523, 524, 525, 526, 527, 528, 529, 530, 532, 533, 534, 536, 546, 560, 571, 584, 585, 586, 587, 588, 589, 590, 591, 592, 593, 595, 611, 613, 614, 615, 618, 619, 620, 623, 626, 629, 630, 632, 647, 648, 653, 657, 661, 662, 664, 666, 672, 673, 674, 675, 676, 680, 681, 689, 700, 704, 706, 707, 708, 709, 711, 712, 723, 725, 727, 728, 729, 730, 732, 733, 734, 736, 737, 738, 739, 741, 742, 744, 745, 746, 750, 752], "summary": {"covered_lines": 224, "num_statements": 347, "percent_covered": 59.79381443298969, "percent_covered_display": "60", "missing_lines": 123, "excluded_lines": 0, "percent_statements_covered": 64.55331412103746, "percent_statements_covered_display": "65", "num_branches": 138, "num_partial_branches": 16, "covered_branches": 66, "missing_branches": 72, "percent_branches_covered": 47.82608695652174, "percent_branches_covered_display": "48"}, "missing_lines": [12, 14, 69, 70, 71, 72, 75, 81, 82, 83, 84, 86, 87, 88, 89, 90, 91, 92, 93, 94, 95, 96, 97, 99, 100, 101, 140, 146, 162, 163, 164, 165, 166, 170, 175, 176, 177, 180, 181, 192, 193, 194, 195, 197, 200, 209, 210, 211, 212, 213, 214, 220, 221, 222, 223, 224, 225, 226, 227, 231, 234, 253, 254, 256, 296, 299, 314, 315, 320, 321, 322, 331, 332, 333, 334, 335, 340, 344, 345, 349, 350, 355, 356, 360, 368, 371, 388, 389, 391, 392, 394, 395, 397, 398, 408, 415, 418, 452, 468, 483, 488, 503, 510, 511, 512, 513, 602, 603, 604, 606, 635, 636, 641, 654, 658, 679, 682, 683, 692, 693, 698, 702, 724], "excluded_lines": [], "executed_branches": [[139, 141], [295, 297], [298, 300], [308, 309], [308, 310], [367, 370], [370, 374], [374, 375], [374, 377], [407, 410], [412, 414], [412, 432], [414, 417], [417, 420], [423, 424], [423, 428], [451, 454], [460, 461], [460, 471], [461, 462], [461, 465], [465, 466], [471, 472], [471, 473], [480, 484], [498, 499], [498, 500], [518, 520], [518, 532], [522, 523], [522, 524], [524, 525], [529, 530], [529, 532], [533, 534], [533, 536], [614, 615], [614, 618], [618, 619], [618, 626], [620, 623], [620, 626], [626, 629], [626, 664], [653, 657], [657, 661], [661, 662], [661, 664], [673, 674], [673, 689], [676, 680], [680, 681], [680, 689], [707, 708], [707, 709], [723, 725], [730, 732], [730, 733], [733, 734], [733, 736], [737, 738], [737, 739], [739, 741], [739, 744], [745, 746], [745, 752]], "missing_branches": [[70, 71], [70, 72], [81, 82], [81, 83], [83, 84], [83, 86], [86, 87], [86, 88], [88, 89], [88, 90], [90, 91], [90, 92], [92, 93], [92, 94], [94, 95], [94, 96], [96, 97], [96, 99], [99, 100], [99, 101], [139, 140], [162, 163], [162, 166], [164, 162], [164, 165], [176, 177], [176, 180], [193, 194], [193, 197], [194, 195], [194, 200], [209, 210], [209, 211], [211, 212], [211, 213], [221, 222], [221, 226], [253, 254], [253, 256], [295, 296], [298, 299], [314, 315], [314, 321], [332, 333], [332, 335], [349, 350], [349, 356], [367, 368], [370, 371], [388, 389], [388, 391], [391, 392], [391, 394], [394, 395], [394, 397], [407, 408], [414, 415], [417, 418], [451, 452], [465, 468], [480, 483], [510, 511], [510, 513], [524, 529], [602, -595], [602, 603], [603, 604], [603, 606], [653, 654], [657, 658], [676, 679], [723, 724]], "functions": {"_sanitize_log_value": {"executed_lines": [], "summary": {"covered_lines": 0, "num_statements": 2, "percent_covered": 0.0, "percent_covered_display": "0", "missing_lines": 2, "excluded_lines": 0, "percent_statements_covered": 0.0, "percent_statements_covered_display": "0", "num_branches": 0, "num_partial_branches": 0, "covered_branches": 0, "missing_branches": 0, "percent_branches_covered": 100.0, "percent_branches_covered_display": "100"}, "missing_lines": [12, 14], "excluded_lines": [], "start_line": 10, "executed_branches": [], "missing_branches": []}, "RefreshInfo.__init__": {"executed_lines": [50, 51, 52, 53, 54, 55, 57, 58, 59, 60, 61, 63, 65], "summary": {"covered_lines": 13, "num_statements": 13, "percent_covered": 100.0, "percent_covered_display": "100", "missing_lines": 0, "excluded_lines": 0, "percent_statements_covered": 100.0, "percent_statements_covered_display": "100", "num_branches": 0, "num_partial_branches": 0, "covered_branches": 0, "missing_branches": 0, "percent_branches_covered": 100.0, "percent_branches_covered_display": "100"}, "missing_lines": [], "excluded_lines": [], "start_line": 30, "executed_branches": [], "missing_branches": []}, "RefreshInfo.get_refresh_datetime": {"executed_lines": [], "summary": {"covered_lines": 0, "num_statements": 4, "percent_covered": 0.0, "percent_covered_display": "0", "missing_lines": 4, "excluded_lines": 0, "percent_statements_covered": 0.0, "percent_statements_covered_display": "0", "num_branches": 2, "num_partial_branches": 0, "covered_branches": 0, "missing_branches": 2, "percent_branches_covered": 0.0, "percent_branches_covered_display": "0"}, "missing_lines": [69, 70, 71, 72], "excluded_lines": [], "start_line": 67, "executed_branches": [], "missing_branches": [[70, 71], [70, 72]]}, "RefreshInfo.to_dict": {"executed_lines": [], "summary": {"covered_lines": 0, "num_statements": 20, "percent_covered": 0.0, "percent_covered_display": "0", "missing_lines": 20, "excluded_lines": 0, "percent_statements_covered": 0.0, "percent_statements_covered_display": "0", "num_branches": 18, "num_partial_branches": 0, "covered_branches": 0, "missing_branches": 18, "percent_branches_covered": 0.0, "percent_branches_covered_display": "0"}, "missing_lines": [75, 81, 82, 83, 84, 86, 87, 88, 89, 90, 91, 92, 93, 94, 95, 96, 97, 99, 100, 101], "excluded_lines": [], "start_line": 74, "executed_branches": [], "missing_branches": [[81, 82], [81, 83], [83, 84], [83, 86], [86, 87], [86, 88], [88, 89], [88, 90], [90, 91], [90, 92], [92, 93], [92, 94], [94, 95], [94, 96], [96, 97], [96, 99], [99, 100], [99, 101]]}, "RefreshInfo.from_dict": {"executed_lines": [105], "summary": {"covered_lines": 1, "num_statements": 1, "percent_covered": 100.0, "percent_covered_display": "100", "missing_lines": 0, "excluded_lines": 0, "percent_statements_covered": 100.0, "percent_statements_covered_display": "100", "num_branches": 0, "num_partial_branches": 0, "covered_branches": 0, "missing_branches": 0, "percent_branches_covered": 100.0, "percent_branches_covered_display": "100"}, "missing_lines": [], "excluded_lines": [], "start_line": 104, "executed_branches": [], "missing_branches": []}, "PlaylistManager.__init__": {"executed_lines": [139, 141, 142], "summary": {"covered_lines": 3, "num_statements": 4, "percent_covered": 66.66666666666667, "percent_covered_display": "67", "missing_lines": 1, "excluded_lines": 0, "percent_statements_covered": 75.0, "percent_statements_covered_display": "75", "num_branches": 2, "num_partial_branches": 1, "covered_branches": 1, "missing_branches": 1, "percent_branches_covered": 50.0, "percent_branches_covered_display": "50"}, "missing_lines": [140], "excluded_lines": [], "start_line": 133, "executed_branches": [[139, 141]], "missing_branches": [[139, 140]]}, "PlaylistManager.get_playlist_names": {"executed_lines": [], "summary": {"covered_lines": 0, "num_statements": 1, "percent_covered": 0.0, "percent_covered_display": "0", "missing_lines": 1, "excluded_lines": 0, "percent_statements_covered": 0.0, "percent_statements_covered_display": "0", "num_branches": 0, "num_partial_branches": 0, "covered_branches": 0, "missing_branches": 0, "percent_branches_covered": 100.0, "percent_branches_covered_display": "100"}, "missing_lines": [146], "excluded_lines": [], "start_line": 144, "executed_branches": [], "missing_branches": []}, "PlaylistManager.add_default_playlist": {"executed_lines": [150, 158], "summary": {"covered_lines": 2, "num_statements": 2, "percent_covered": 100.0, "percent_covered_display": "100", "missing_lines": 0, "excluded_lines": 0, "percent_statements_covered": 100.0, "percent_statements_covered_display": "100", "num_branches": 0, "num_partial_branches": 0, "covered_branches": 0, "missing_branches": 0, "percent_branches_covered": 100.0, "percent_branches_covered_display": "100"}, "missing_lines": [], "excluded_lines": [], "start_line": 148, "executed_branches": [], "missing_branches": []}, "PlaylistManager.find_plugin": {"executed_lines": [], "summary": {"covered_lines": 0, "num_statements": 5, "percent_covered": 0.0, "percent_covered_display": "0", "missing_lines": 5, "excluded_lines": 0, "percent_statements_covered": 0.0, "percent_statements_covered_display": "0", "num_branches": 4, "num_partial_branches": 0, "covered_branches": 0, "missing_branches": 4, "percent_branches_covered": 0.0, "percent_branches_covered_display": "0"}, "missing_lines": [162, 163, 164, 165, 166], "excluded_lines": [], "start_line": 160, "executed_branches": [], "missing_branches": [[162, 163], [162, 166], [164, 162], [164, 165]]}, "PlaylistManager.determine_active_playlist": {"executed_lines": [], "summary": {"covered_lines": 0, "num_statements": 6, "percent_covered": 0.0, "percent_covered_display": "0", "missing_lines": 6, "excluded_lines": 0, "percent_statements_covered": 0.0, "percent_statements_covered_display": "0", "num_branches": 2, "num_partial_branches": 0, "covered_branches": 0, "missing_branches": 2, "percent_branches_covered": 0.0, "percent_branches_covered_display": "0"}, "missing_lines": [170, 175, 176, 177, 180, 181], "excluded_lines": [], "start_line": 168, "executed_branches": [], "missing_branches": [[176, 177], [176, 180]]}, "PlaylistManager.get_playlist": {"executed_lines": [185], "summary": {"covered_lines": 1, "num_statements": 1, "percent_covered": 100.0, "percent_covered_display": "100", "missing_lines": 0, "excluded_lines": 0, "percent_statements_covered": 100.0, "percent_statements_covered_display": "100", "num_branches": 0, "num_partial_branches": 0, "covered_branches": 0, "missing_branches": 0, "percent_branches_covered": 100.0, "percent_branches_covered_display": "100"}, "missing_lines": [], "excluded_lines": [], "start_line": 183, "executed_branches": [], "missing_branches": []}, "PlaylistManager.add_plugin_to_playlist": {"executed_lines": [], "summary": {"covered_lines": 0, "num_statements": 6, "percent_covered": 0.0, "percent_covered_display": "0", "missing_lines": 6, "excluded_lines": 0, "percent_statements_covered": 0.0, "percent_statements_covered_display": "0", "num_branches": 4, "num_partial_branches": 0, "covered_branches": 0, "missing_branches": 4, "percent_branches_covered": 0.0, "percent_branches_covered_display": "0"}, "missing_lines": [192, 193, 194, 195, 197, 200], "excluded_lines": [], "start_line": 187, "executed_branches": [], "missing_branches": [[193, 194], [193, 197], [194, 195], [194, 200]]}, "PlaylistManager.add_playlist": {"executed_lines": [], "summary": {"covered_lines": 0, "num_statements": 6, "percent_covered": 0.0, "percent_covered_display": "0", "missing_lines": 6, "excluded_lines": 0, "percent_statements_covered": 0.0, "percent_statements_covered_display": "0", "num_branches": 4, "num_partial_branches": 0, "covered_branches": 0, "missing_branches": 4, "percent_branches_covered": 0.0, "percent_branches_covered_display": "0"}, "missing_lines": [209, 210, 211, 212, 213, 214], "excluded_lines": [], "start_line": 202, "executed_branches": [], "missing_branches": [[209, 210], [209, 211], [211, 212], [211, 213]]}, "PlaylistManager.update_playlist": {"executed_lines": [], "summary": {"covered_lines": 0, "num_statements": 8, "percent_covered": 0.0, "percent_covered_display": "0", "missing_lines": 8, "excluded_lines": 0, "percent_statements_covered": 0.0, "percent_statements_covered_display": "0", "num_branches": 2, "num_partial_branches": 0, "covered_branches": 0, "missing_branches": 2, "percent_branches_covered": 0.0, "percent_branches_covered_display": "0"}, "missing_lines": [220, 221, 222, 223, 224, 225, 226, 227], "excluded_lines": [], "start_line": 216, "executed_branches": [], "missing_branches": [[221, 222], [221, 226]]}, "PlaylistManager.delete_playlist": {"executed_lines": [], "summary": {"covered_lines": 0, "num_statements": 1, "percent_covered": 0.0, "percent_covered_display": "0", "missing_lines": 1, "excluded_lines": 0, "percent_statements_covered": 0.0, "percent_statements_covered_display": "0", "num_branches": 0, "num_partial_branches": 0, "covered_branches": 0, "missing_branches": 0, "percent_branches_covered": 100.0, "percent_branches_covered_display": "100"}, "missing_lines": [231], "excluded_lines": [], "start_line": 229, "executed_branches": [], "missing_branches": []}, "PlaylistManager.to_dict": {"executed_lines": [], "summary": {"covered_lines": 0, "num_statements": 1, "percent_covered": 0.0, "percent_covered_display": "0", "missing_lines": 1, "excluded_lines": 0, "percent_statements_covered": 0.0, "percent_statements_covered_display": "0", "num_branches": 0, "num_partial_branches": 0, "covered_branches": 0, "missing_branches": 0, "percent_branches_covered": 100.0, "percent_branches_covered_display": "100"}, "missing_lines": [234], "excluded_lines": [], "start_line": 233, "executed_branches": [], "missing_branches": []}, "PlaylistManager.from_dict": {"executed_lines": [241], "summary": {"covered_lines": 1, "num_statements": 1, "percent_covered": 100.0, "percent_covered_display": "100", "missing_lines": 0, "excluded_lines": 0, "percent_statements_covered": 100.0, "percent_statements_covered_display": "100", "num_branches": 0, "num_partial_branches": 0, "covered_branches": 0, "missing_branches": 0, "percent_branches_covered": 100.0, "percent_branches_covered_display": "100"}, "missing_lines": [], "excluded_lines": [], "start_line": 240, "executed_branches": [], "missing_branches": []}, "PlaylistManager.should_refresh": {"executed_lines": [], "summary": {"covered_lines": 0, "num_statements": 3, "percent_covered": 0.0, "percent_covered_display": "0", "missing_lines": 3, "excluded_lines": 0, "percent_statements_covered": 0.0, "percent_statements_covered_display": "0", "num_branches": 2, "num_partial_branches": 0, "covered_branches": 0, "missing_branches": 2, "percent_branches_covered": 0.0, "percent_branches_covered_display": "0"}, "missing_lines": [253, 254, 256], "excluded_lines": [], "start_line": 247, "executed_branches": [], "missing_branches": [[253, 254], [253, 256]]}, "Playlist.__init__": {"executed_lines": [279, 280, 281, 282, 285, 286], "summary": {"covered_lines": 6, "num_statements": 6, "percent_covered": 100.0, "percent_covered_display": "100", "missing_lines": 0, "excluded_lines": 0, "percent_statements_covered": 100.0, "percent_statements_covered_display": "100", "num_branches": 0, "num_partial_branches": 0, "covered_branches": 0, "missing_branches": 0, "percent_branches_covered": 100.0, "percent_branches_covered_display": "100"}, "missing_lines": [], "excluded_lines": [], "start_line": 270, "executed_branches": [], "missing_branches": []}, "Playlist._to_minutes": {"executed_lines": [295, 297, 298, 300], "summary": {"covered_lines": 4, "num_statements": 6, "percent_covered": 60.0, "percent_covered_display": "60", "missing_lines": 2, "excluded_lines": 0, "percent_statements_covered": 66.66666666666667, "percent_statements_covered_display": "67", "num_branches": 4, "num_partial_branches": 2, "covered_branches": 2, "missing_branches": 2, "percent_branches_covered": 50.0, "percent_branches_covered_display": "50"}, "missing_lines": [296, 299], "excluded_lines": [], "start_line": 289, "executed_branches": [[295, 297], [298, 300]], "missing_branches": [[295, 296], [298, 299]]}, "Playlist.is_active": {"executed_lines": [304, 305, 306, 308, 309, 310], "summary": {"covered_lines": 6, "num_statements": 6, "percent_covered": 100.0, "percent_covered_display": "100", "missing_lines": 0, "excluded_lines": 0, "percent_statements_covered": 100.0, "percent_statements_covered_display": "100", "num_branches": 2, "num_partial_branches": 0, "covered_branches": 2, "missing_branches": 0, "percent_branches_covered": 100.0, "percent_branches_covered_display": "100"}, "missing_lines": [], "excluded_lines": [], "start_line": 302, "executed_branches": [[308, 309], [308, 310]], "missing_branches": []}, "Playlist.add_plugin": {"executed_lines": [], "summary": {"covered_lines": 0, "num_statements": 5, "percent_covered": 0.0, "percent_covered_display": "0", "missing_lines": 5, "excluded_lines": 0, "percent_statements_covered": 0.0, "percent_statements_covered_display": "0", "num_branches": 2, "num_partial_branches": 0, "covered_branches": 0, "missing_branches": 2, "percent_branches_covered": 0.0, "percent_branches_covered_display": "0"}, "missing_lines": [314, 315, 320, 321, 322], "excluded_lines": [], "start_line": 312, "executed_branches": [], "missing_branches": [[314, 315], [314, 321]]}, "Playlist.update_plugin": {"executed_lines": [], "summary": {"covered_lines": 0, "num_statements": 6, "percent_covered": 0.0, "percent_covered_display": "0", "missing_lines": 6, "excluded_lines": 0, "percent_statements_covered": 0.0, "percent_statements_covered_display": "0", "num_branches": 2, "num_partial_branches": 0, "covered_branches": 0, "missing_branches": 2, "percent_branches_covered": 0.0, "percent_branches_covered_display": "0"}, "missing_lines": [331, 332, 333, 334, 335, 340], "excluded_lines": [], "start_line": 324, "executed_branches": [], "missing_branches": [[332, 333], [332, 335]]}, "Playlist.delete_plugin": {"executed_lines": [], "summary": {"covered_lines": 0, "num_statements": 6, "percent_covered": 0.0, "percent_covered_display": "0", "missing_lines": 6, "excluded_lines": 0, "percent_statements_covered": 0.0, "percent_statements_covered_display": "0", "num_branches": 2, "num_partial_branches": 0, "covered_branches": 0, "missing_branches": 2, "percent_branches_covered": 0.0, "percent_branches_covered_display": "0"}, "missing_lines": [344, 345, 349, 350, 355, 356], "excluded_lines": [], "start_line": 342, "executed_branches": [], "missing_branches": [[349, 350], [349, 356]]}, "Playlist.find_plugin": {"executed_lines": [], "summary": {"covered_lines": 0, "num_statements": 1, "percent_covered": 0.0, "percent_covered_display": "0", "missing_lines": 1, "excluded_lines": 0, "percent_statements_covered": 0.0, "percent_statements_covered_display": "0", "num_branches": 0, "num_partial_branches": 0, "covered_branches": 0, "missing_branches": 0, "percent_branches_covered": 100.0, "percent_branches_covered_display": "100"}, "missing_lines": [360], "excluded_lines": [], "start_line": 358, "executed_branches": [], "missing_branches": []}, "Playlist.get_next_plugin": {"executed_lines": [367, 370, 374, 375, 377, 381], "summary": {"covered_lines": 6, "num_statements": 8, "percent_covered": 71.42857142857143, "percent_covered_display": "71", "missing_lines": 2, "excluded_lines": 0, "percent_statements_covered": 75.0, "percent_statements_covered_display": "75", "num_branches": 6, "num_partial_branches": 2, "covered_branches": 4, "missing_branches": 2, "percent_branches_covered": 66.66666666666667, "percent_branches_covered_display": "67"}, "missing_lines": [368, 371], "excluded_lines": [], "start_line": 365, "executed_branches": [[367, 370], [370, 374], [374, 375], [374, 377]], "missing_branches": [[367, 368], [370, 371]]}, "Playlist.peek_next_plugin": {"executed_lines": [], "summary": {"covered_lines": 0, "num_statements": 8, "percent_covered": 0.0, "percent_covered_display": "0", "missing_lines": 8, "excluded_lines": 0, "percent_statements_covered": 0.0, "percent_statements_covered_display": "0", "num_branches": 6, "num_partial_branches": 0, "covered_branches": 0, "missing_branches": 6, "percent_branches_covered": 0.0, "percent_branches_covered_display": "0"}, "missing_lines": [388, 389, 391, 392, 394, 395, 397, 398], "excluded_lines": [], "start_line": 383, "executed_branches": [], "missing_branches": [[388, 389], [388, 391], [391, 392], [391, 394], [394, 395], [394, 397]]}, "Playlist.get_next_eligible_plugin": {"executed_lines": [407, 410, 411, 412, 414, 417, 420, 422, 423, 424, 425, 428, 429, 432, 433], "summary": {"covered_lines": 15, "num_statements": 18, "percent_covered": 78.57142857142857, "percent_covered_display": "79", "missing_lines": 3, "excluded_lines": 0, "percent_statements_covered": 83.33333333333333, "percent_statements_covered_display": "83", "num_branches": 10, "num_partial_branches": 3, "covered_branches": 7, "missing_branches": 3, "percent_branches_covered": 70.0, "percent_branches_covered_display": "70"}, "missing_lines": [408, 415, 418], "excluded_lines": [], "start_line": 400, "executed_branches": [[407, 410], [412, 414], [412, 432], [414, 417], [417, 420], [423, 424], [423, 428]], "missing_branches": [[407, 408], [414, 415], [417, 418]]}, "Playlist.peek_next_eligible_plugin": {"executed_lines": [439, 440, 441, 443], "summary": {"covered_lines": 4, "num_statements": 4, "percent_covered": 100.0, "percent_covered_display": "100", "missing_lines": 0, "excluded_lines": 0, "percent_statements_covered": 100.0, "percent_statements_covered_display": "100", "num_branches": 0, "num_partial_branches": 0, "covered_branches": 0, "missing_branches": 0, "percent_branches_covered": 100.0, "percent_branches_covered_display": "100"}, "missing_lines": [], "excluded_lines": [], "start_line": 435, "executed_branches": [], "missing_branches": []}, "Playlist.reorder_plugins": {"executed_lines": [451, 454, 457, 459, 460, 461, 462, 463, 464, 465, 466, 471, 472, 473, 474, 475, 476, 478, 480, 484], "summary": {"covered_lines": 20, "num_statements": 23, "percent_covered": 82.85714285714286, "percent_covered_display": "83", "missing_lines": 3, "excluded_lines": 0, "percent_statements_covered": 86.95652173913044, "percent_statements_covered_display": "87", "num_branches": 12, "num_partial_branches": 3, "covered_branches": 9, "missing_branches": 3, "percent_branches_covered": 75.0, "percent_branches_covered_display": "75"}, "missing_lines": [452, 468, 483], "excluded_lines": [], "start_line": 445, "executed_branches": [[451, 454], [460, 461], [460, 471], [461, 462], [461, 465], [465, 466], [471, 472], [471, 473], [480, 484]], "missing_branches": [[451, 452], [465, 468], [480, 483]]}, "Playlist.reorder_plugins._key_for": {"executed_lines": [455], "summary": {"covered_lines": 1, "num_statements": 1, "percent_covered": 100.0, "percent_covered_display": "100", "missing_lines": 0, "excluded_lines": 0, "percent_statements_covered": 100.0, "percent_statements_covered_display": "100", "num_branches": 0, "num_partial_branches": 0, "covered_branches": 0, "missing_branches": 0, "percent_branches_covered": 100.0, "percent_branches_covered_display": "100"}, "missing_lines": [], "excluded_lines": [], "start_line": 454, "executed_branches": [], "missing_branches": []}, "Playlist.get_priority": {"executed_lines": [], "summary": {"covered_lines": 0, "num_statements": 1, "percent_covered": 0.0, "percent_covered_display": "0", "missing_lines": 1, "excluded_lines": 0, "percent_statements_covered": 0.0, "percent_statements_covered_display": "0", "num_branches": 0, "num_partial_branches": 0, "covered_branches": 0, "missing_branches": 0, "percent_branches_covered": 100.0, "percent_branches_covered_display": "100"}, "missing_lines": [488], "excluded_lines": [], "start_line": 486, "executed_branches": [], "missing_branches": []}, "Playlist.get_time_range_minutes": {"executed_lines": [496, 497, 498, 499, 500], "summary": {"covered_lines": 5, "num_statements": 5, "percent_covered": 100.0, "percent_covered_display": "100", "missing_lines": 0, "excluded_lines": 0, "percent_statements_covered": 100.0, "percent_statements_covered_display": "100", "num_branches": 2, "num_partial_branches": 0, "covered_branches": 2, "missing_branches": 0, "percent_branches_covered": 100.0, "percent_branches_covered_display": "100"}, "missing_lines": [], "excluded_lines": [], "start_line": 490, "executed_branches": [[498, 499], [498, 500]], "missing_branches": []}, "Playlist.to_dict": {"executed_lines": [], "summary": {"covered_lines": 0, "num_statements": 5, "percent_covered": 0.0, "percent_covered_display": "0", "missing_lines": 5, "excluded_lines": 0, "percent_statements_covered": 0.0, "percent_statements_covered_display": "0", "num_branches": 2, "num_partial_branches": 0, "covered_branches": 0, "missing_branches": 2, "percent_branches_covered": 0.0, "percent_branches_covered_display": "0"}, "missing_lines": [503, 510, 511, 512, 513], "excluded_lines": [], "start_line": 502, "executed_branches": [], "missing_branches": [[510, 511], [510, 513]]}, "Playlist.from_dict": {"executed_lines": [517, 518, 520, 521, 522, 523, 524, 525, 526, 527, 528, 529, 530, 532, 533, 534, 536], "summary": {"covered_lines": 17, "num_statements": 17, "percent_covered": 96.29629629629629, "percent_covered_display": "96", "missing_lines": 0, "excluded_lines": 0, "percent_statements_covered": 100.0, "percent_statements_covered_display": "100", "num_branches": 10, "num_partial_branches": 1, "covered_branches": 9, "missing_branches": 1, "percent_branches_covered": 90.0, "percent_branches_covered_display": "90"}, "missing_lines": [], "excluded_lines": [], "start_line": 516, "executed_branches": [[518, 520], [518, 532], [522, 523], [522, 524], [524, 525], [529, 530], [529, 532], [533, 534], [533, 536]], "missing_branches": [[524, 529]]}, "PluginInstance.__init__": {"executed_lines": [584, 585, 586, 587, 588, 589, 590, 591, 592, 593], "summary": {"covered_lines": 10, "num_statements": 10, "percent_covered": 100.0, "percent_covered_display": "100", "missing_lines": 0, "excluded_lines": 0, "percent_statements_covered": 100.0, "percent_statements_covered_display": "100", "num_branches": 0, "num_partial_branches": 0, "covered_branches": 0, "missing_branches": 0, "percent_branches_covered": 100.0, "percent_branches_covered_display": "100"}, "missing_lines": [], "excluded_lines": [], "start_line": 571, "executed_branches": [], "missing_branches": []}, "PluginInstance.update": {"executed_lines": [], "summary": {"covered_lines": 0, "num_statements": 4, "percent_covered": 0.0, "percent_covered_display": "0", "missing_lines": 4, "excluded_lines": 0, "percent_statements_covered": 0.0, "percent_statements_covered_display": "0", "num_branches": 4, "num_partial_branches": 0, "covered_branches": 0, "missing_branches": 4, "percent_branches_covered": 0.0, "percent_branches_covered_display": "0"}, "missing_lines": [602, 603, 604, 606], "excluded_lines": [], "start_line": 595, "executed_branches": [], "missing_branches": [[602, -595], [602, 603], [603, 604], [603, 606]]}, "PluginInstance.should_refresh": {"executed_lines": [613, 614, 615, 618, 619, 620, 623, 626, 629, 630, 632, 647, 648, 653, 657, 661, 662, 664], "summary": {"covered_lines": 18, "num_statements": 23, "percent_covered": 81.08108108108108, "percent_covered_display": "81", "missing_lines": 5, "excluded_lines": 0, "percent_statements_covered": 78.26086956521739, "percent_statements_covered_display": "78", "num_branches": 14, "num_partial_branches": 2, "covered_branches": 12, "missing_branches": 2, "percent_branches_covered": 85.71428571428571, "percent_branches_covered_display": "86"}, "missing_lines": [635, 636, 641, 654, 658], "excluded_lines": [], "start_line": 611, "executed_branches": [[614, 615], [614, 618], [618, 619], [618, 626], [620, 623], [620, 626], [626, 629], [626, 664], [653, 657], [657, 661], [661, 662], [661, 664]], "missing_branches": [[653, 654], [657, 658]]}, "PluginInstance.is_show_eligible": {"executed_lines": [672, 673, 674, 675, 676, 680, 681, 689], "summary": {"covered_lines": 8, "num_statements": 14, "percent_covered": 65.0, "percent_covered_display": "65", "missing_lines": 6, "excluded_lines": 0, "percent_statements_covered": 57.142857142857146, "percent_statements_covered_display": "57", "num_branches": 6, "num_partial_branches": 1, "covered_branches": 5, "missing_branches": 1, "percent_branches_covered": 83.33333333333333, "percent_branches_covered_display": "83"}, "missing_lines": [679, 682, 683, 692, 693, 698], "excluded_lines": [], "start_line": 666, "executed_branches": [[673, 674], [673, 689], [676, 680], [680, 681], [680, 689]], "missing_branches": [[676, 679]]}, "PluginInstance.get_image_path": {"executed_lines": [], "summary": {"covered_lines": 0, "num_statements": 1, "percent_covered": 0.0, "percent_covered_display": "0", "missing_lines": 1, "excluded_lines": 0, "percent_statements_covered": 0.0, "percent_statements_covered_display": "0", "num_branches": 0, "num_partial_branches": 0, "covered_branches": 0, "missing_branches": 0, "percent_branches_covered": 100.0, "percent_branches_covered_display": "100"}, "missing_lines": [702], "excluded_lines": [], "start_line": 700, "executed_branches": [], "missing_branches": []}, "PluginInstance.get_latest_refresh_dt": {"executed_lines": [706, 707, 708, 709], "summary": {"covered_lines": 4, "num_statements": 4, "percent_covered": 100.0, "percent_covered_display": "100", "missing_lines": 0, "excluded_lines": 0, "percent_statements_covered": 100.0, "percent_statements_covered_display": "100", "num_branches": 2, "num_partial_branches": 0, "covered_branches": 2, "missing_branches": 0, "percent_branches_covered": 100.0, "percent_branches_covered_display": "100"}, "missing_lines": [], "excluded_lines": [], "start_line": 704, "executed_branches": [[707, 708], [707, 709]], "missing_branches": []}, "PluginInstance.to_dict": {"executed_lines": [712, 723, 725], "summary": {"covered_lines": 3, "num_statements": 4, "percent_covered": 66.66666666666667, "percent_covered_display": "67", "missing_lines": 1, "excluded_lines": 0, "percent_statements_covered": 75.0, "percent_statements_covered_display": "75", "num_branches": 2, "num_partial_branches": 1, "covered_branches": 1, "missing_branches": 1, "percent_branches_covered": 50.0, "percent_branches_covered_display": "50"}, "missing_lines": [724], "excluded_lines": [], "start_line": 711, "executed_branches": [[723, 725]], "missing_branches": [[723, 724]]}, "PluginInstance.from_dict": {"executed_lines": [729, 730, 732, 733, 734, 736, 737, 738, 739, 741, 742, 744, 745, 746, 750, 752], "summary": {"covered_lines": 16, "num_statements": 16, "percent_covered": 100.0, "percent_covered_display": "100", "missing_lines": 0, "excluded_lines": 0, "percent_statements_covered": 100.0, "percent_statements_covered_display": "100", "num_branches": 10, "num_partial_branches": 0, "covered_branches": 10, "missing_branches": 0, "percent_branches_covered": 100.0, "percent_branches_covered_display": "100"}, "missing_lines": [], "excluded_lines": [], "start_line": 728, "executed_branches": [[730, 732], [730, 733], [733, 734], [733, 736], [737, 738], [737, 739], [739, 741], [739, 744], [745, 746], [745, 752]], "missing_branches": []}, "": {"executed_lines": [1, 3, 4, 5, 7, 10, 17, 30, 67, 74, 103, 104, 122, 130, 131, 133, 144, 148, 160, 168, 183, 187, 202, 216, 229, 233, 239, 240, 246, 247, 259, 270, 288, 289, 302, 312, 324, 342, 358, 365, 383, 400, 435, 445, 486, 490, 502, 515, 516, 546, 560, 571, 595, 611, 666, 700, 704, 711, 727, 728], "summary": {"covered_lines": 60, "num_statements": 60, "percent_covered": 100.0, "percent_covered_display": "100", "missing_lines": 0, "excluded_lines": 0, "percent_statements_covered": 100.0, "percent_statements_covered_display": "100", "num_branches": 0, "num_partial_branches": 0, "covered_branches": 0, "missing_branches": 0, "percent_branches_covered": 100.0, "percent_branches_covered_display": "100"}, "missing_lines": [], "excluded_lines": [], "start_line": 1, "executed_branches": [], "missing_branches": []}}, "classes": {"RefreshInfo": {"executed_lines": [50, 51, 52, 53, 54, 55, 57, 58, 59, 60, 61, 63, 65, 105], "summary": {"covered_lines": 14, "num_statements": 38, "percent_covered": 24.137931034482758, "percent_covered_display": "24", "missing_lines": 24, "excluded_lines": 0, "percent_statements_covered": 36.8421052631579, "percent_statements_covered_display": "37", "num_branches": 20, "num_partial_branches": 0, "covered_branches": 0, "missing_branches": 20, "percent_branches_covered": 0.0, "percent_branches_covered_display": "0"}, "missing_lines": [69, 70, 71, 72, 75, 81, 82, 83, 84, 86, 87, 88, 89, 90, 91, 92, 93, 94, 95, 96, 97, 99, 100, 101], "excluded_lines": [], "start_line": 17, "executed_branches": [], "missing_branches": [[70, 71], [70, 72], [81, 82], [81, 83], [83, 84], [83, 86], [86, 87], [86, 88], [88, 89], [88, 90], [90, 91], [90, 92], [92, 93], [92, 94], [94, 95], [94, 96], [96, 97], [96, 99], [99, 100], [99, 101]]}, "PlaylistManager": {"executed_lines": [139, 141, 142, 150, 158, 185, 241], "summary": {"covered_lines": 7, "num_statements": 45, "percent_covered": 12.307692307692308, "percent_covered_display": "12", "missing_lines": 38, "excluded_lines": 0, "percent_statements_covered": 15.555555555555555, "percent_statements_covered_display": "16", "num_branches": 20, "num_partial_branches": 1, "covered_branches": 1, "missing_branches": 19, "percent_branches_covered": 5.0, "percent_branches_covered_display": "5"}, "missing_lines": [140, 146, 162, 163, 164, 165, 166, 170, 175, 176, 177, 180, 181, 192, 193, 194, 195, 197, 200, 209, 210, 211, 212, 213, 214, 220, 221, 222, 223, 224, 225, 226, 227, 231, 234, 253, 254, 256], "excluded_lines": [], "start_line": 122, "executed_branches": [[139, 141]], "missing_branches": [[139, 140], [162, 163], [162, 166], [164, 162], [164, 165], [176, 177], [176, 180], [193, 194], [193, 197], [194, 195], [194, 200], [209, 210], [209, 211], [211, 212], [211, 213], [221, 222], [221, 226], [253, 254], [253, 256]]}, "Playlist": {"executed_lines": [279, 280, 281, 282, 285, 286, 295, 297, 298, 300, 304, 305, 306, 308, 309, 310, 367, 370, 374, 375, 377, 381, 407, 410, 411, 412, 414, 417, 420, 422, 423, 424, 425, 428, 429, 432, 433, 439, 440, 441, 443, 451, 454, 455, 457, 459, 460, 461, 462, 463, 464, 465, 466, 471, 472, 473, 474, 475, 476, 478, 480, 484, 496, 497, 498, 499, 500, 517, 518, 520, 521, 522, 523, 524, 525, 526, 527, 528, 529, 530, 532, 533, 534, 536], "summary": {"covered_lines": 84, "num_statements": 126, "percent_covered": 63.97849462365591, "percent_covered_display": "64", "missing_lines": 42, "excluded_lines": 0, "percent_statements_covered": 66.66666666666667, "percent_statements_covered_display": "67", "num_branches": 60, "num_partial_branches": 11, "covered_branches": 35, "missing_branches": 25, "percent_branches_covered": 58.333333333333336, "percent_branches_covered_display": "58"}, "missing_lines": [296, 299, 314, 315, 320, 321, 322, 331, 332, 333, 334, 335, 340, 344, 345, 349, 350, 355, 356, 360, 368, 371, 388, 389, 391, 392, 394, 395, 397, 398, 408, 415, 418, 452, 468, 483, 488, 503, 510, 511, 512, 513], "excluded_lines": [], "start_line": 259, "executed_branches": [[295, 297], [298, 300], [308, 309], [308, 310], [367, 370], [370, 374], [374, 375], [374, 377], [407, 410], [412, 414], [412, 432], [414, 417], [417, 420], [423, 424], [423, 428], [451, 454], [460, 461], [460, 471], [461, 462], [461, 465], [465, 466], [471, 472], [471, 473], [480, 484], [498, 499], [498, 500], [518, 520], [518, 532], [522, 523], [522, 524], [524, 525], [529, 530], [529, 532], [533, 534], [533, 536]], "missing_branches": [[295, 296], [298, 299], [314, 315], [314, 321], [332, 333], [332, 335], [349, 350], [349, 356], [367, 368], [370, 371], [388, 389], [388, 391], [391, 392], [391, 394], [394, 395], [394, 397], [407, 408], [414, 415], [417, 418], [451, 452], [465, 468], [480, 483], [510, 511], [510, 513], [524, 529]]}, "PluginInstance": {"executed_lines": [584, 585, 586, 587, 588, 589, 590, 591, 592, 593, 613, 614, 615, 618, 619, 620, 623, 626, 629, 630, 632, 647, 648, 653, 657, 661, 662, 664, 672, 673, 674, 675, 676, 680, 681, 689, 706, 707, 708, 709, 712, 723, 725, 729, 730, 732, 733, 734, 736, 737, 738, 739, 741, 742, 744, 745, 746, 750, 752], "summary": {"covered_lines": 59, "num_statements": 76, "percent_covered": 78.0701754385965, "percent_covered_display": "78", "missing_lines": 17, "excluded_lines": 0, "percent_statements_covered": 77.63157894736842, "percent_statements_covered_display": "78", "num_branches": 38, "num_partial_branches": 4, "covered_branches": 30, "missing_branches": 8, "percent_branches_covered": 78.94736842105263, "percent_branches_covered_display": "79"}, "missing_lines": [602, 603, 604, 606, 635, 636, 641, 654, 658, 679, 682, 683, 692, 693, 698, 702, 724], "excluded_lines": [], "start_line": 546, "executed_branches": [[614, 615], [614, 618], [618, 619], [618, 626], [620, 623], [620, 626], [626, 629], [626, 664], [653, 657], [657, 661], [661, 662], [661, 664], [673, 674], [673, 689], [676, 680], [680, 681], [680, 689], [707, 708], [707, 709], [723, 725], [730, 732], [730, 733], [733, 734], [733, 736], [737, 738], [737, 739], [739, 741], [739, 744], [745, 746], [745, 752]], "missing_branches": [[602, -595], [602, 603], [603, 604], [603, 606], [653, 654], [657, 658], [676, 679], [723, 724]]}, "": {"executed_lines": [1, 3, 4, 5, 7, 10, 17, 30, 67, 74, 103, 104, 122, 130, 131, 133, 144, 148, 160, 168, 183, 187, 202, 216, 229, 233, 239, 240, 246, 247, 259, 270, 288, 289, 302, 312, 324, 342, 358, 365, 383, 400, 435, 445, 486, 490, 502, 515, 516, 546, 560, 571, 595, 611, 666, 700, 704, 711, 727, 728], "summary": {"covered_lines": 60, "num_statements": 62, "percent_covered": 96.7741935483871, "percent_covered_display": "97", "missing_lines": 2, "excluded_lines": 0, "percent_statements_covered": 96.7741935483871, "percent_statements_covered_display": "97", "num_branches": 0, "num_partial_branches": 0, "covered_branches": 0, "missing_branches": 0, "percent_branches_covered": 100.0, "percent_branches_covered_display": "100"}, "missing_lines": [12, 14], "excluded_lines": [], "start_line": 1, "executed_branches": [], "missing_branches": []}}}, "src/utils/metrics.py": {"executed_lines": [13, 15, 16, 18, 20, 21, 23, 24, 25, 27, 30, 31, 33, 34, 36, 37, 39, 40, 42, 45, 46, 47, 49, 50, 51, 53, 54, 55, 56, 58, 66, 72, 79, 85, 92, 99, 105, 107, 115, 123, 131, 133, 134, 137, 139, 140, 143, 149, 152, 154, 157, 161, 162, 163], "summary": {"covered_lines": 54, "num_statements": 54, "percent_covered": 100.0, "percent_covered_display": "100", "missing_lines": 0, "excluded_lines": 0, "percent_statements_covered": 100.0, "percent_statements_covered_display": "100", "num_branches": 0, "num_partial_branches": 0, "covered_branches": 0, "missing_branches": 0, "percent_branches_covered": 100.0, "percent_branches_covered_display": "100"}, "missing_lines": [], "excluded_lines": [], "executed_branches": [], "missing_branches": [], "functions": {"record_refresh_success": {"executed_lines": [133, 134], "summary": {"covered_lines": 2, "num_statements": 2, "percent_covered": 100.0, "percent_covered_display": "100", "missing_lines": 0, "excluded_lines": 0, "percent_statements_covered": 100.0, "percent_statements_covered_display": "100", "num_branches": 0, "num_partial_branches": 0, "covered_branches": 0, "missing_branches": 0, "percent_branches_covered": 100.0, "percent_branches_covered_display": "100"}, "missing_lines": [], "excluded_lines": [], "start_line": 131, "executed_branches": [], "missing_branches": []}, "record_refresh_failure": {"executed_lines": [139, 140], "summary": {"covered_lines": 2, "num_statements": 2, "percent_covered": 100.0, "percent_covered_display": "100", "missing_lines": 0, "excluded_lines": 0, "percent_statements_covered": 100.0, "percent_statements_covered_display": "100", "num_branches": 0, "num_partial_branches": 0, "covered_branches": 0, "missing_branches": 0, "percent_branches_covered": 100.0, "percent_branches_covered_display": "100"}, "missing_lines": [], "excluded_lines": [], "start_line": 137, "executed_branches": [], "missing_branches": []}, "set_circuit_breaker_open": {"executed_lines": [149], "summary": {"covered_lines": 1, "num_statements": 1, "percent_covered": 100.0, "percent_covered_display": "100", "missing_lines": 0, "excluded_lines": 0, "percent_statements_covered": 100.0, "percent_statements_covered_display": "100", "num_branches": 0, "num_partial_branches": 0, "covered_branches": 0, "missing_branches": 0, "percent_branches_covered": 100.0, "percent_branches_covered_display": "100"}, "missing_lines": [], "excluded_lines": [], "start_line": 143, "executed_branches": [], "missing_branches": []}, "update_uptime": {"executed_lines": [154], "summary": {"covered_lines": 1, "num_statements": 1, "percent_covered": 100.0, "percent_covered_display": "100", "missing_lines": 0, "excluded_lines": 0, "percent_statements_covered": 100.0, "percent_statements_covered_display": "100", "num_branches": 0, "num_partial_branches": 0, "covered_branches": 0, "missing_branches": 0, "percent_branches_covered": 100.0, "percent_branches_covered_display": "100"}, "missing_lines": [], "excluded_lines": [], "start_line": 152, "executed_branches": [], "missing_branches": []}, "record_http_request": {"executed_lines": [161, 162, 163], "summary": {"covered_lines": 3, "num_statements": 3, "percent_covered": 100.0, "percent_covered_display": "100", "missing_lines": 0, "excluded_lines": 0, "percent_statements_covered": 100.0, "percent_statements_covered_display": "100", "num_branches": 0, "num_partial_branches": 0, "covered_branches": 0, "missing_branches": 0, "percent_branches_covered": 100.0, "percent_branches_covered_display": "100"}, "missing_lines": [], "excluded_lines": [], "start_line": 157, "executed_branches": [], "missing_branches": []}, "": {"executed_lines": [13, 15, 16, 18, 20, 21, 23, 24, 25, 27, 30, 31, 33, 34, 36, 37, 39, 40, 42, 45, 46, 47, 49, 50, 51, 53, 54, 55, 56, 58, 66, 72, 79, 85, 92, 99, 105, 107, 115, 123, 131, 137, 143, 152, 157], "summary": {"covered_lines": 45, "num_statements": 45, "percent_covered": 100.0, "percent_covered_display": "100", "missing_lines": 0, "excluded_lines": 0, "percent_statements_covered": 100.0, "percent_statements_covered_display": "100", "num_branches": 0, "num_partial_branches": 0, "covered_branches": 0, "missing_branches": 0, "percent_branches_covered": 100.0, "percent_branches_covered_display": "100"}, "missing_lines": [], "excluded_lines": [], "start_line": 1, "executed_branches": [], "missing_branches": []}}, "classes": {"": {"executed_lines": [13, 15, 16, 18, 20, 21, 23, 24, 25, 27, 30, 31, 33, 34, 36, 37, 39, 40, 42, 45, 46, 47, 49, 50, 51, 53, 54, 55, 56, 58, 66, 72, 79, 85, 92, 99, 105, 107, 115, 123, 131, 133, 134, 137, 139, 140, 143, 149, 152, 154, 157, 161, 162, 163], "summary": {"covered_lines": 54, "num_statements": 54, "percent_covered": 100.0, "percent_covered_display": "100", "missing_lines": 0, "excluded_lines": 0, "percent_statements_covered": 100.0, "percent_statements_covered_display": "100", "num_branches": 0, "num_partial_branches": 0, "covered_branches": 0, "missing_branches": 0, "percent_branches_covered": 100.0, "percent_branches_covered_display": "100"}, "missing_lines": [], "excluded_lines": [], "start_line": 1, "executed_branches": [], "missing_branches": []}}}}, "totals": {"covered_lines": 294, "num_statements": 417, "percent_covered": 64.99102333931778, "percent_covered_display": "65", "missing_lines": 123, "excluded_lines": 0, "percent_statements_covered": 70.50359712230215, "percent_statements_covered_display": "71", "num_branches": 140, "num_partial_branches": 16, "covered_branches": 68, "missing_branches": 72, "percent_branches_covered": 48.57142857142857, "percent_branches_covered_display": "49"}}